Copyright 1986-2021 Xilinx, Inc. All Rights Reserved.
------------------------------------------------------------------------------------
| Tool Version : Vivado v.2021.2 (win64) Build 3367213 Tue Oct 19 02:48:09 MDT 2021
| Date         : Wed Oct 23 23:45:05 2024
| Host         : LAPTOP-96MQVM59 running 64-bit major release  (build 9200)
| Command      : upgrade_ip
| Device       : xc7z020clg484-1
------------------------------------------------------------------------------------

Upgrade Log for IP 'neuromorphic_coprocessor_macs_axi4s_0_1'

1. Summary
----------

SUCCESS in the conversion of neuromorphic_coprocessor_macs_axi4s_0_1 (xilinx.com:user:macs_axi4s:1.0 (Rev. 4)) to Vivado generation flows.






Copyright 1986-2021 Xilinx, Inc. All Rights Reserved.
------------------------------------------------------------------------------------
| Tool Version : Vivado v.2021.2 (win64) Build 3367213 Tue Oct 19 02:48:09 MDT 2021
| Date         : Wed Oct 23 23:45:04 2024
| Host         : LAPTOP-96MQVM59 running 64-bit major release  (build 9200)
| Command      : upgrade_ip
| Device       : xc7z020clg484-1
------------------------------------------------------------------------------------

Upgrade Log for IP 'design_1_macs_axi4s_0_0'

1. Summary
----------

SUCCESS in the conversion of design_1_macs_axi4s_0_0 (xilinx.com:user:macs_axi4s:1.0 (Rev. 4)) to Vivado generation flows.






Copyright 1986-2021 Xilinx, Inc. All Rights Reserved.
------------------------------------------------------------------------------------
| Tool Version : Vivado v.2021.2 (win64) Build 3367213 Tue Oct 19 02:48:09 MDT 2021
| Date         : Wed Oct 23 23:41:08 2024
| Host         : LAPTOP-96MQVM59 running 64-bit major release  (build 9200)
| Command      : upgrade_ip
| Device       : xc7z020clg484-1
------------------------------------------------------------------------------------

Upgrade Log for IP 'neuromorphic_coprocessor_macs_axi4s_0_1'

1. Summary
----------

SUCCESS in the conversion of neuromorphic_coprocessor_macs_axi4s_0_1 (xilinx.com:user:macs_axi4s:1.0 (Rev. 4)) to Vivado generation flows.






Copyright 1986-2021 Xilinx, Inc. All Rights Reserved.
------------------------------------------------------------------------------------
| Tool Version : Vivado v.2021.2 (win64) Build 3367213 Tue Oct 19 02:48:09 MDT 2021
| Date         : Wed Oct 23 23:41:07 2024
| Host         : LAPTOP-96MQVM59 running 64-bit major release  (build 9200)
| Command      : upgrade_ip
| Device       : xc7z020clg484-1
------------------------------------------------------------------------------------

Upgrade Log for IP 'design_1_macs_axi4s_0_0'

1. Summary
----------

SUCCESS in the conversion of design_1_macs_axi4s_0_0 (xilinx.com:user:macs_axi4s:1.0 (Rev. 4)) to Vivado generation flows.






Copyright 1986-2021 Xilinx, Inc. All Rights Reserved.
------------------------------------------------------------------------------------
| Tool Version : Vivado v.2021.2 (win64) Build 3367213 Tue Oct 19 02:48:09 MDT 2021
| Date         : Wed Oct 23 23:36:39 2024
| Host         : LAPTOP-96MQVM59 running 64-bit major release  (build 9200)
| Command      : upgrade_ip
| Device       : xc7z020clg484-1
------------------------------------------------------------------------------------

Upgrade Log for IP 'neuromorphic_coprocessor_macs_axi4s_0_1'

1. Summary
----------

SUCCESS in the conversion of neuromorphic_coprocessor_macs_axi4s_0_1 (xilinx.com:user:macs_axi4s:1.0 (Rev. 4)) to Vivado generation flows.






Copyright 1986-2021 Xilinx, Inc. All Rights Reserved.
------------------------------------------------------------------------------------
| Tool Version : Vivado v.2021.2 (win64) Build 3367213 Tue Oct 19 02:48:09 MDT 2021
| Date         : Wed Oct 23 23:36:38 2024
| Host         : LAPTOP-96MQVM59 running 64-bit major release  (build 9200)
| Command      : upgrade_ip
| Device       : xc7z020clg484-1
------------------------------------------------------------------------------------

Upgrade Log for IP 'design_1_macs_axi4s_0_0'

1. Summary
----------

SUCCESS in the conversion of design_1_macs_axi4s_0_0 (xilinx.com:user:macs_axi4s:1.0 (Rev. 4)) to Vivado generation flows.






Copyright 1986-2021 Xilinx, Inc. All Rights Reserved.
------------------------------------------------------------------------------------
| Tool Version : Vivado v.2021.2 (win64) Build 3367213 Tue Oct 19 02:48:09 MDT 2021
| Date         : Wed Oct 23 23:34:13 2024
| Host         : LAPTOP-96MQVM59 running 64-bit major release  (build 9200)
| Command      : upgrade_ip
| Device       : xc7z020clg484-1
------------------------------------------------------------------------------------

Upgrade Log for IP 'neuromorphic_coprocessor_macs_axi4s_0_1'

1. Summary
----------

SUCCESS in the conversion of neuromorphic_coprocessor_macs_axi4s_0_1 (xilinx.com:user:macs_axi4s:1.0 (Rev. 4)) to Vivado generation flows.






Copyright 1986-2021 Xilinx, Inc. All Rights Reserved.
------------------------------------------------------------------------------------
| Tool Version : Vivado v.2021.2 (win64) Build 3367213 Tue Oct 19 02:48:09 MDT 2021
| Date         : Wed Oct 23 23:34:10 2024
| Host         : LAPTOP-96MQVM59 running 64-bit major release  (build 9200)
| Command      : upgrade_ip
| Device       : xc7z020clg484-1
------------------------------------------------------------------------------------

Upgrade Log for IP 'design_1_macs_axi4s_0_0'

1. Summary
----------

SUCCESS in the conversion of design_1_macs_axi4s_0_0 (xilinx.com:user:macs_axi4s:1.0 (Rev. 4)) to Vivado generation flows.






Copyright 1986-2021 Xilinx, Inc. All Rights Reserved.
------------------------------------------------------------------------------------
| Tool Version : Vivado v.2021.2 (win64) Build 3367213 Tue Oct 19 02:48:09 MDT 2021
| Date         : Wed Oct 23 22:58:59 2024
| Host         : LAPTOP-96MQVM59 running 64-bit major release  (build 9200)
| Command      : upgrade_ip
| Device       : xc7z020clg484-1
------------------------------------------------------------------------------------

Upgrade Log for IP 'neuromorphic_coprocessor_macs_axi4s_0_1'

1. Summary
----------

CAUTION (success, with warnings) in the upgrade of neuromorphic_coprocessor_macs_axi4s_0_1 (xilinx.com:user:macs_axi4s:1.0) from (Rev. 2) to (Rev. 4)

After upgrade, an IP may have parameter and port differences compared to the original customization. Please review the parameters within the IP customization GUI to ensure proper functionality. Also, please review the updated IP instantiation template to ensure proper connectivity, and update your design if required.

2. Connection Warnings
----------------------

Detected external port differences while upgrading 'neuromorphic_coprocessor_macs_axi4s_0_1'. These changes may impact your design.


-Upgrade has added port 'm_axis_tkeep'

-Upgrade has added port 'm_axis_tlast'

-Upgrade has added port 's_axis_tkeep'

-Upgrade has added port 's_axis_tlast'







Copyright 1986-2021 Xilinx, Inc. All Rights Reserved.
------------------------------------------------------------------------------------
| Tool Version : Vivado v.2021.2 (win64) Build 3367213 Tue Oct 19 02:48:09 MDT 2021
| Date         : Wed Oct 23 22:58:58 2024
| Host         : LAPTOP-96MQVM59 running 64-bit major release  (build 9200)
| Command      : upgrade_ip
| Device       : xc7z020clg484-1
------------------------------------------------------------------------------------

Upgrade Log for IP 'design_1_macs_axi4s_0_0'

1. Summary
----------

CAUTION (success, with warnings) in the upgrade of design_1_macs_axi4s_0_0 (xilinx.com:user:macs_axi4s:1.0) from (Rev. 2) to (Rev. 4)

After upgrade, an IP may have parameter and port differences compared to the original customization. Please review the parameters within the IP customization GUI to ensure proper functionality. Also, please review the updated IP instantiation template to ensure proper connectivity, and update your design if required.

2. Connection Warnings
----------------------

Detected external port differences while upgrading 'design_1_macs_axi4s_0_0'. These changes may impact your design.


-Upgrade has added port 'm_axis_tkeep'

-Upgrade has added port 'm_axis_tlast'

-Upgrade has added port 's_axis_tkeep'

-Upgrade has added port 's_axis_tlast'







Copyright 1986-2021 Xilinx, Inc. All Rights Reserved.
------------------------------------------------------------------------------------
| Tool Version : Vivado v.2021.2 (win64) Build 3367213 Tue Oct 19 02:48:09 MDT 2021
| Date         : Wed Oct 23 22:56:54 2024
| Host         : LAPTOP-96MQVM59 running 64-bit major release  (build 9200)
| Command      : upgrade_ip
| Device       : xc7z020clg484-1
------------------------------------------------------------------------------------

Upgrade Log for IP 'neuromorphic_coprocessor_macs_axi4s_0_1'

1. Summary
----------

SUCCESS in the conversion of neuromorphic_coprocessor_macs_axi4s_0_1 (xilinx.com:user:macs_axi4s:1.0 (Rev. 2)) to Vivado generation flows.






Copyright 1986-2021 Xilinx, Inc. All Rights Reserved.
------------------------------------------------------------------------------------
| Tool Version : Vivado v.2021.2 (win64) Build 3367213 Tue Oct 19 02:48:09 MDT 2021
| Date         : Wed Oct 23 22:56:51 2024
| Host         : LAPTOP-96MQVM59 running 64-bit major release  (build 9200)
| Command      : upgrade_ip
| Device       : xc7z020clg484-1
------------------------------------------------------------------------------------

Upgrade Log for IP 'design_1_macs_axi4s_0_0'

1. Summary
----------

SUCCESS in the conversion of design_1_macs_axi4s_0_0 (xilinx.com:user:macs_axi4s:1.0 (Rev. 2)) to Vivado generation flows.






Copyright 1986-2021 Xilinx, Inc. All Rights Reserved.
------------------------------------------------------------------------------------
| Tool Version : Vivado v.2021.2 (win64) Build 3367213 Tue Oct 19 02:48:09 MDT 2021
| Date         : Sun Oct 20 21:38:25 2024
| Host         : LAPTOP-96MQVM59 running 64-bit major release  (build 9200)
| Command      : upgrade_ip
| Device       : xc7z020clg484-1
------------------------------------------------------------------------------------

Upgrade Log for IP 'neuromorphic_coprocessor_macs_axi4s_0_1'

1. Summary
----------

SUCCESS in the conversion of neuromorphic_coprocessor_macs_axi4s_0_1 (xilinx.com:user:macs_axi4s:1.0 (Rev. 2)) to Vivado generation flows.






Copyright 1986-2021 Xilinx, Inc. All Rights Reserved.
------------------------------------------------------------------------------------
| Tool Version : Vivado v.2021.2 (win64) Build 3367213 Tue Oct 19 02:48:09 MDT 2021
| Date         : Sun Oct 20 21:38:24 2024
| Host         : LAPTOP-96MQVM59 running 64-bit major release  (build 9200)
| Command      : upgrade_ip
| Device       : xc7z020clg484-1
------------------------------------------------------------------------------------

Upgrade Log for IP 'design_1_macs_axi4s_0_0'

1. Summary
----------

SUCCESS in the conversion of design_1_macs_axi4s_0_0 (xilinx.com:user:macs_axi4s:1.0 (Rev. 2)) to Vivado generation flows.






Copyright 1986-2021 Xilinx, Inc. All Rights Reserved.
------------------------------------------------------------------------------------
| Tool Version : Vivado v.2021.2 (win64) Build 3367213 Tue Oct 19 02:48:09 MDT 2021
| Date         : Sun Oct 20 21:21:48 2024
| Host         : LAPTOP-96MQVM59 running 64-bit major release  (build 9200)
| Command      : upgrade_ip
| Device       : xc7z020clg484-1
------------------------------------------------------------------------------------

Upgrade Log for IP 'neuromorphic_coprocessor_macs_axi4s_0_1'

1. Summary
----------

SUCCESS in the conversion of neuromorphic_coprocessor_macs_axi4s_0_1 (xilinx.com:user:macs_axi4s:1.0 (Rev. 2)) to Vivado generation flows.






Copyright 1986-2021 Xilinx, Inc. All Rights Reserved.
------------------------------------------------------------------------------------
| Tool Version : Vivado v.2021.2 (win64) Build 3367213 Tue Oct 19 02:48:09 MDT 2021
| Date         : Sun Oct 20 21:21:47 2024
| Host         : LAPTOP-96MQVM59 running 64-bit major release  (build 9200)
| Command      : upgrade_ip
| Device       : xc7z020clg484-1
------------------------------------------------------------------------------------

Upgrade Log for IP 'design_1_macs_axi4s_0_0'

1. Summary
----------

SUCCESS in the conversion of design_1_macs_axi4s_0_0 (xilinx.com:user:macs_axi4s:1.0 (Rev. 2)) to Vivado generation flows.






Copyright 1986-2021 Xilinx, Inc. All Rights Reserved.
------------------------------------------------------------------------------------
| Tool Version : Vivado v.2021.2 (win64) Build 3367213 Tue Oct 19 02:48:09 MDT 2021
| Date         : Sun Oct 20 21:21:04 2024
| Host         : LAPTOP-96MQVM59 running 64-bit major release  (build 9200)
| Command      : upgrade_ip
| Device       : xc7z020clg484-1
------------------------------------------------------------------------------------

Upgrade Log for IP 'neuromorphic_coprocessor_macs_axi4s_0_1'

1. Summary
----------

CAUTION (success, with warnings) in the upgrade of neuromorphic_coprocessor_macs_axi4s_0_1 (xilinx.com:user:macs_axi4s:1.0) from (Rev. 8) to (Rev. 2)

After upgrade, an IP may have parameter and port differences compared to the original customization. Please review the parameters within the IP customization GUI to ensure proper functionality. Also, please review the updated IP instantiation template to ensure proper connectivity, and update your design if required.

2. Connection Warnings
----------------------

Detected external port differences while upgrading 'neuromorphic_coprocessor_macs_axi4s_0_1'. These changes may impact your design.


-Upgraded port 'm_axis_tvalid' width 1 differs from original width 8







Copyright 1986-2021 Xilinx, Inc. All Rights Reserved.
------------------------------------------------------------------------------------
| Tool Version : Vivado v.2021.2 (win64) Build 3367213 Tue Oct 19 02:48:09 MDT 2021
| Date         : Sun Oct 20 21:21:03 2024
| Host         : LAPTOP-96MQVM59 running 64-bit major release  (build 9200)
| Command      : upgrade_ip
| Device       : xc7z020clg484-1
------------------------------------------------------------------------------------

Upgrade Log for IP 'design_1_macs_axi4s_0_0'

1. Summary
----------

CAUTION (success, with warnings) in the upgrade of design_1_macs_axi4s_0_0 (xilinx.com:user:macs_axi4s:1.0) from (Rev. 8) to (Rev. 2)

After upgrade, an IP may have parameter and port differences compared to the original customization. Please review the parameters within the IP customization GUI to ensure proper functionality. Also, please review the updated IP instantiation template to ensure proper connectivity, and update your design if required.

2. Connection Warnings
----------------------

Detected external port differences while upgrading 'design_1_macs_axi4s_0_0'. These changes may impact your design.


-Upgraded port 'm_axis_tvalid' width 1 differs from original width 8







Copyright 1986-2021 Xilinx, Inc. All Rights Reserved.
------------------------------------------------------------------------------------
| Tool Version : Vivado v.2021.2 (win64) Build 3367213 Tue Oct 19 02:48:09 MDT 2021
| Date         : Sun Oct 20 21:13:18 2024
| Host         : LAPTOP-96MQVM59 running 64-bit major release  (build 9200)
| Command      : upgrade_ip
| Device       : xc7z020clg484-1
------------------------------------------------------------------------------------

Upgrade Log for IP 'neuromorphic_coprocessor_macs_axi4s_0_1'

1. Summary
----------

SUCCESS in the conversion of neuromorphic_coprocessor_macs_axi4s_0_1 (xilinx.com:user:macs_axi4s:1.0 (Rev. 8)) to Vivado generation flows.






Copyright 1986-2021 Xilinx, Inc. All Rights Reserved.
------------------------------------------------------------------------------------
| Tool Version : Vivado v.2021.2 (win64) Build 3367213 Tue Oct 19 02:48:09 MDT 2021
| Date         : Sun Oct 20 21:13:16 2024
| Host         : LAPTOP-96MQVM59 running 64-bit major release  (build 9200)
| Command      : upgrade_ip
| Device       : xc7z020clg484-1
------------------------------------------------------------------------------------

Upgrade Log for IP 'design_1_macs_axi4s_0_0'

1. Summary
----------

SUCCESS in the conversion of design_1_macs_axi4s_0_0 (xilinx.com:user:macs_axi4s:1.0 (Rev. 8)) to Vivado generation flows.






Copyright 1986-2021 Xilinx, Inc. All Rights Reserved.
------------------------------------------------------------------------------------
| Tool Version : Vivado v.2021.2 (win64) Build 3367213 Tue Oct 19 02:48:09 MDT 2021
| Date         : Sun Oct 20 21:13:04 2024
| Host         : LAPTOP-96MQVM59 running 64-bit major release  (build 9200)
| Command      : upgrade_ip
| Device       : xc7z020clg484-1
------------------------------------------------------------------------------------

Upgrade Log for IP 'neuromorphic_coprocessor_macs_axi4s_0_1'

1. Summary
----------

SUCCESS in the upgrade of neuromorphic_coprocessor_macs_axi4s_0_1 (xilinx.com:user:macs_axi4s:1.0) from (Rev. 7) to (Rev. 8)






Copyright 1986-2021 Xilinx, Inc. All Rights Reserved.
------------------------------------------------------------------------------------
| Tool Version : Vivado v.2021.2 (win64) Build 3367213 Tue Oct 19 02:48:09 MDT 2021
| Date         : Sun Oct 20 21:13:03 2024
| Host         : LAPTOP-96MQVM59 running 64-bit major release  (build 9200)
| Command      : upgrade_ip
| Device       : xc7z020clg484-1
------------------------------------------------------------------------------------

Upgrade Log for IP 'design_1_macs_axi4s_0_0'

1. Summary
----------

SUCCESS in the upgrade of design_1_macs_axi4s_0_0 (xilinx.com:user:macs_axi4s:1.0) from (Rev. 7) to (Rev. 8)






Copyright 1986-2021 Xilinx, Inc. All Rights Reserved.
------------------------------------------------------------------------------------
| Tool Version : Vivado v.2021.2 (win64) Build 3367213 Tue Oct 19 02:48:09 MDT 2021
| Date         : Sun Oct 20 21:11:25 2024
| Host         : LAPTOP-96MQVM59 running 64-bit major release  (build 9200)
| Command      : upgrade_ip
| Device       : xc7z020clg484-1
------------------------------------------------------------------------------------

Upgrade Log for IP 'neuromorphic_coprocessor_macs_axi4s_0_1'

1. Summary
----------

SUCCESS in the conversion of neuromorphic_coprocessor_macs_axi4s_0_1 (xilinx.com:user:macs_axi4s:1.0 (Rev. 7)) to Vivado generation flows.






Copyright 1986-2021 Xilinx, Inc. All Rights Reserved.
------------------------------------------------------------------------------------
| Tool Version : Vivado v.2021.2 (win64) Build 3367213 Tue Oct 19 02:48:09 MDT 2021
| Date         : Sun Oct 20 21:11:24 2024
| Host         : LAPTOP-96MQVM59 running 64-bit major release  (build 9200)
| Command      : upgrade_ip
| Device       : xc7z020clg484-1
------------------------------------------------------------------------------------

Upgrade Log for IP 'design_1_macs_axi4s_0_0'

1. Summary
----------

SUCCESS in the conversion of design_1_macs_axi4s_0_0 (xilinx.com:user:macs_axi4s:1.0 (Rev. 7)) to Vivado generation flows.






Copyright 1986-2021 Xilinx, Inc. All Rights Reserved.
------------------------------------------------------------------------------------
| Tool Version : Vivado v.2021.2 (win64) Build 3367213 Tue Oct 19 02:48:09 MDT 2021
| Date         : Thu Oct 17 18:14:38 2024
| Host         : LAPTOP-96MQVM59 running 64-bit major release  (build 9200)
| Command      : upgrade_ip
| Device       : xc7z020clg484-1
------------------------------------------------------------------------------------

Upgrade Log for IP 'neuromorphic_coprocessor_macs_axi4s_0_1'

1. Summary
----------

SUCCESS in the conversion of neuromorphic_coprocessor_macs_axi4s_0_1 (xilinx.com:user:macs_axi4s:1.0 (Rev. 7)) to Vivado generation flows.






Copyright 1986-2021 Xilinx, Inc. All Rights Reserved.
------------------------------------------------------------------------------------
| Tool Version : Vivado v.2021.2 (win64) Build 3367213 Tue Oct 19 02:48:09 MDT 2021
| Date         : Thu Oct 17 18:14:37 2024
| Host         : LAPTOP-96MQVM59 running 64-bit major release  (build 9200)
| Command      : upgrade_ip
| Device       : xc7z020clg484-1
------------------------------------------------------------------------------------

Upgrade Log for IP 'design_1_macs_axi4s_0_0'

1. Summary
----------

SUCCESS in the conversion of design_1_macs_axi4s_0_0 (xilinx.com:user:macs_axi4s:1.0 (Rev. 7)) to Vivado generation flows.






Copyright 1986-2021 Xilinx, Inc. All Rights Reserved.
------------------------------------------------------------------------------------
| Tool Version : Vivado v.2021.2 (win64) Build 3367213 Tue Oct 19 02:48:09 MDT 2021
| Date         : Thu Oct 17 18:11:33 2024
| Host         : LAPTOP-96MQVM59 running 64-bit major release  (build 9200)
| Command      : upgrade_ip
| Device       : xc7z020clg484-1
------------------------------------------------------------------------------------

Upgrade Log for IP 'neuromorphic_coprocessor_macs_axi4s_0_1'

1. Summary
----------

SUCCESS in the conversion of neuromorphic_coprocessor_macs_axi4s_0_1 (xilinx.com:user:macs_axi4s:1.0 (Rev. 7)) to Vivado generation flows.






Copyright 1986-2021 Xilinx, Inc. All Rights Reserved.
------------------------------------------------------------------------------------
| Tool Version : Vivado v.2021.2 (win64) Build 3367213 Tue Oct 19 02:48:09 MDT 2021
| Date         : Thu Oct 17 18:11:32 2024
| Host         : LAPTOP-96MQVM59 running 64-bit major release  (build 9200)
| Command      : upgrade_ip
| Device       : xc7z020clg484-1
------------------------------------------------------------------------------------

Upgrade Log for IP 'design_1_macs_axi4s_0_0'

1. Summary
----------

SUCCESS in the conversion of design_1_macs_axi4s_0_0 (xilinx.com:user:macs_axi4s:1.0 (Rev. 7)) to Vivado generation flows.






Copyright 1986-2021 Xilinx, Inc. All Rights Reserved.
------------------------------------------------------------------------------------
| Tool Version : Vivado v.2021.2 (win64) Build 3367213 Tue Oct 19 02:48:09 MDT 2021
| Date         : Thu Oct 17 17:52:37 2024
| Host         : LAPTOP-96MQVM59 running 64-bit major release  (build 9200)
| Command      : upgrade_ip
| Device       : xc7z020clg484-1
------------------------------------------------------------------------------------

Upgrade Log for IP 'neuromorphic_coprocessor_macs_axi4s_0_1'

1. Summary
----------

SUCCESS in the conversion of neuromorphic_coprocessor_macs_axi4s_0_1 (xilinx.com:user:macs_axi4s:1.0 (Rev. 7)) to Vivado generation flows.






Copyright 1986-2021 Xilinx, Inc. All Rights Reserved.
------------------------------------------------------------------------------------
| Tool Version : Vivado v.2021.2 (win64) Build 3367213 Tue Oct 19 02:48:09 MDT 2021
| Date         : Thu Oct 17 17:52:36 2024
| Host         : LAPTOP-96MQVM59 running 64-bit major release  (build 9200)
| Command      : upgrade_ip
| Device       : xc7z020clg484-1
------------------------------------------------------------------------------------

Upgrade Log for IP 'design_1_macs_axi4s_0_0'

1. Summary
----------

SUCCESS in the conversion of design_1_macs_axi4s_0_0 (xilinx.com:user:macs_axi4s:1.0 (Rev. 7)) to Vivado generation flows.






Copyright 1986-2021 Xilinx, Inc. All Rights Reserved.
------------------------------------------------------------------------------------
| Tool Version : Vivado v.2021.2 (win64) Build 3367213 Tue Oct 19 02:48:09 MDT 2021
| Date         : Thu Oct 17 16:26:49 2024
| Host         : LAPTOP-96MQVM59 running 64-bit major release  (build 9200)
| Command      : upgrade_ip
| Device       : xc7z020clg484-1
------------------------------------------------------------------------------------

Upgrade Log for IP 'neuromorphic_coprocessor_macs_axi4s_0_1'

1. Summary
----------

SUCCESS in the upgrade of neuromorphic_coprocessor_macs_axi4s_0_1 (xilinx.com:user:macs_axi4s:1.0) from (Rev. 6) to (Rev. 7)






Copyright 1986-2021 Xilinx, Inc. All Rights Reserved.
------------------------------------------------------------------------------------
| Tool Version : Vivado v.2021.2 (win64) Build 3367213 Tue Oct 19 02:48:09 MDT 2021
| Date         : Thu Oct 17 16:26:48 2024
| Host         : LAPTOP-96MQVM59 running 64-bit major release  (build 9200)
| Command      : upgrade_ip
| Device       : xc7z020clg484-1
------------------------------------------------------------------------------------

Upgrade Log for IP 'design_1_macs_axi4s_0_0'

1. Summary
----------

SUCCESS in the upgrade of design_1_macs_axi4s_0_0 (xilinx.com:user:macs_axi4s:1.0) from (Rev. 6) to (Rev. 7)






Copyright 1986-2021 Xilinx, Inc. All Rights Reserved.
------------------------------------------------------------------------------------
| Tool Version : Vivado v.2021.2 (win64) Build 3367213 Tue Oct 19 02:48:09 MDT 2021
| Date         : Thu Oct 17 16:22:34 2024
| Host         : LAPTOP-96MQVM59 running 64-bit major release  (build 9200)
| Command      : upgrade_ip
| Device       : xc7z020clg484-1
------------------------------------------------------------------------------------

Upgrade Log for IP 'neuromorphic_coprocessor_macs_axi4s_0_1'

1. Summary
----------

SUCCESS in the upgrade of neuromorphic_coprocessor_macs_axi4s_0_1 (xilinx.com:user:macs_axi4s:1.0) from (Rev. 5) to (Rev. 6)






Copyright 1986-2021 Xilinx, Inc. All Rights Reserved.
------------------------------------------------------------------------------------
| Tool Version : Vivado v.2021.2 (win64) Build 3367213 Tue Oct 19 02:48:09 MDT 2021
| Date         : Thu Oct 17 16:22:32 2024
| Host         : LAPTOP-96MQVM59 running 64-bit major release  (build 9200)
| Command      : upgrade_ip
| Device       : xc7z020clg484-1
------------------------------------------------------------------------------------

Upgrade Log for IP 'design_1_macs_axi4s_0_0'

1. Summary
----------

SUCCESS in the upgrade of design_1_macs_axi4s_0_0 (xilinx.com:user:macs_axi4s:1.0) from (Rev. 3) to (Rev. 6)

