
*** Running vivado
    with args -log neuromorphic_coprocessor_system_ila_0_0.vds -m64 -product Vivado -mode batch -messageDb vivado.pb -notrace -source neuromorphic_coprocessor_system_ila_0_0.tcl



****** Vivado v2021.2 (64-bit)
  **** SW Build 3367213 on Tue Oct 19 02:48:09 MDT 2021
  **** IP Build 3369179 on Thu Oct 21 08:25:16 MDT 2021
    ** Copyright 1986-2021 Xilinx, Inc. All Rights Reserved.

source neuromorphic_coprocessor_system_ila_0_0.tcl -notrace
create_project: Time (s): cpu = 00:00:07 ; elapsed = 00:00:10 . Memory (MB): peak = 1253.133 ; gain = 7.234
INFO: [IP_Flow 19-234] Refreshing IP repositories
INFO: [IP_Flow 19-1700] Loaded user IP repository 'c:/Users/ajayv/neuromorphic_coprocessor/neuromorphic_coprocessor.srcs'.
INFO: [IP_Flow 19-2313] Loaded Vivado IP repository 'C:/Xilinx/Vivado/2021.2/data/ip'.
Command: synth_design -top neuromorphic_coprocessor_system_ila_0_0 -part xc7z020clg484-1 -mode out_of_context
Starting synth_design
Attempting to get a license for feature 'Synthesis' and/or device 'xc7z020'
INFO: [Common 17-349] Got license for feature 'Synthesis' and/or device 'xc7z020'
INFO: [Device 21-403] Loading part xc7z020clg484-1
INFO: [Synth 8-7079] Multithreading enabled for synth_design using a maximum of 2 processes.
INFO: [Synth 8-7078] Launching helper process for spawning children vivado processes
INFO: [Synth 8-7075] Helper process launched with PID 5716
---------------------------------------------------------------------------------
Starting RTL Elaboration : Time (s): cpu = 00:00:12 ; elapsed = 00:00:20 . Memory (MB): peak = 1253.133 ; gain = 0.000
---------------------------------------------------------------------------------
INFO: [Synth 8-6157] synthesizing module 'neuromorphic_coprocessor_system_ila_0_0' [c:/Users/ajayv/neuromorphic_coprocessor/neuromorphic_coprocessor.gen/sources_1/bd/neuromorphic_coprocessor/ip/neuromorphic_coprocessor_system_ila_0_0/synth/neuromorphic_coprocessor_system_ila_0_0.v:216]
WARNING: [Synth 8-4446] all outputs are unconnected for this instance and logic may be removed [c:/Users/ajayv/neuromorphic_coprocessor/neuromorphic_coprocessor.gen/sources_1/bd/neuromorphic_coprocessor/ip/neuromorphic_coprocessor_system_ila_0_0/synth/neuromorphic_coprocessor_system_ila_0_0.v:500]
INFO: [Synth 8-6157] synthesizing module 'bd_de86' [c:/Users/ajayv/neuromorphic_coprocessor/neuromorphic_coprocessor.gen/sources_1/bd/neuromorphic_coprocessor/ip/neuromorphic_coprocessor_system_ila_0_0/bd_0/synth/bd_de86.v:10]
INFO: [Synth 8-6157] synthesizing module 'bd_de86_g_inst_0' [c:/Users/ajayv/neuromorphic_coprocessor/neuromorphic_coprocessor.gen/sources_1/bd/neuromorphic_coprocessor/ip/neuromorphic_coprocessor_system_ila_0_0/bd_0/ip/ip_1/synth/bd_de86_g_inst_0.v:116]
INFO: [Synth 8-6157] synthesizing module 'bd_de86_g_inst_0_gigantic_mux' [c:/Users/ajayv/neuromorphic_coprocessor/neuromorphic_coprocessor.gen/sources_1/bd/neuromorphic_coprocessor/ip/neuromorphic_coprocessor_system_ila_0_0/bd_0/ip/ip_1/bd_de86_g_inst_0_gigantic_mux.v:63]
WARNING: [Synth 8-3848] Net probe_out0 in module/entity bd_de86_g_inst_0_gigantic_mux does not have driver. [c:/Users/ajayv/neuromorphic_coprocessor/neuromorphic_coprocessor.gen/sources_1/bd/neuromorphic_coprocessor/ip/neuromorphic_coprocessor_system_ila_0_0/bd_0/ip/ip_1/bd_de86_g_inst_0_gigantic_mux.v:1985]
WARNING: [Synth 8-3848] Net probe_out1 in module/entity bd_de86_g_inst_0_gigantic_mux does not have driver. [c:/Users/ajayv/neuromorphic_coprocessor/neuromorphic_coprocessor.gen/sources_1/bd/neuromorphic_coprocessor/ip/neuromorphic_coprocessor_system_ila_0_0/bd_0/ip/ip_1/bd_de86_g_inst_0_gigantic_mux.v:1986]
WARNING: [Synth 8-3848] Net probe_out2 in module/entity bd_de86_g_inst_0_gigantic_mux does not have driver. [c:/Users/ajayv/neuromorphic_coprocessor/neuromorphic_coprocessor.gen/sources_1/bd/neuromorphic_coprocessor/ip/neuromorphic_coprocessor_system_ila_0_0/bd_0/ip/ip_1/bd_de86_g_inst_0_gigantic_mux.v:1987]
WARNING: [Synth 8-3848] Net probe_out3 in module/entity bd_de86_g_inst_0_gigantic_mux does not have driver. [c:/Users/ajayv/neuromorphic_coprocessor/neuromorphic_coprocessor.gen/sources_1/bd/neuromorphic_coprocessor/ip/neuromorphic_coprocessor_system_ila_0_0/bd_0/ip/ip_1/bd_de86_g_inst_0_gigantic_mux.v:1988]
WARNING: [Synth 8-3848] Net probe_out4 in module/entity bd_de86_g_inst_0_gigantic_mux does not have driver. [c:/Users/ajayv/neuromorphic_coprocessor/neuromorphic_coprocessor.gen/sources_1/bd/neuromorphic_coprocessor/ip/neuromorphic_coprocessor_system_ila_0_0/bd_0/ip/ip_1/bd_de86_g_inst_0_gigantic_mux.v:1989]
WARNING: [Synth 8-3848] Net probe_out5 in module/entity bd_de86_g_inst_0_gigantic_mux does not have driver. [c:/Users/ajayv/neuromorphic_coprocessor/neuromorphic_coprocessor.gen/sources_1/bd/neuromorphic_coprocessor/ip/neuromorphic_coprocessor_system_ila_0_0/bd_0/ip/ip_1/bd_de86_g_inst_0_gigantic_mux.v:1990]
WARNING: [Synth 8-3848] Net probe_out6 in module/entity bd_de86_g_inst_0_gigantic_mux does not have driver. [c:/Users/ajayv/neuromorphic_coprocessor/neuromorphic_coprocessor.gen/sources_1/bd/neuromorphic_coprocessor/ip/neuromorphic_coprocessor_system_ila_0_0/bd_0/ip/ip_1/bd_de86_g_inst_0_gigantic_mux.v:1991]
WARNING: [Synth 8-3848] Net probe_out7 in module/entity bd_de86_g_inst_0_gigantic_mux does not have driver. [c:/Users/ajayv/neuromorphic_coprocessor/neuromorphic_coprocessor.gen/sources_1/bd/neuromorphic_coprocessor/ip/neuromorphic_coprocessor_system_ila_0_0/bd_0/ip/ip_1/bd_de86_g_inst_0_gigantic_mux.v:1992]
WARNING: [Synth 8-3848] Net probe_out8 in module/entity bd_de86_g_inst_0_gigantic_mux does not have driver. [c:/Users/ajayv/neuromorphic_coprocessor/neuromorphic_coprocessor.gen/sources_1/bd/neuromorphic_coprocessor/ip/neuromorphic_coprocessor_system_ila_0_0/bd_0/ip/ip_1/bd_de86_g_inst_0_gigantic_mux.v:1993]
WARNING: [Synth 8-3848] Net probe_out9 in module/entity bd_de86_g_inst_0_gigantic_mux does not have driver. [c:/Users/ajayv/neuromorphic_coprocessor/neuromorphic_coprocessor.gen/sources_1/bd/neuromorphic_coprocessor/ip/neuromorphic_coprocessor_system_ila_0_0/bd_0/ip/ip_1/bd_de86_g_inst_0_gigantic_mux.v:1994]
WARNING: [Synth 8-3848] Net probe_out10 in module/entity bd_de86_g_inst_0_gigantic_mux does not have driver. [c:/Users/ajayv/neuromorphic_coprocessor/neuromorphic_coprocessor.gen/sources_1/bd/neuromorphic_coprocessor/ip/neuromorphic_coprocessor_system_ila_0_0/bd_0/ip/ip_1/bd_de86_g_inst_0_gigantic_mux.v:1995]
WARNING: [Synth 8-3848] Net probe_out11 in module/entity bd_de86_g_inst_0_gigantic_mux does not have driver. [c:/Users/ajayv/neuromorphic_coprocessor/neuromorphic_coprocessor.gen/sources_1/bd/neuromorphic_coprocessor/ip/neuromorphic_coprocessor_system_ila_0_0/bd_0/ip/ip_1/bd_de86_g_inst_0_gigantic_mux.v:1996]
WARNING: [Synth 8-3848] Net probe_out12 in module/entity bd_de86_g_inst_0_gigantic_mux does not have driver. [c:/Users/ajayv/neuromorphic_coprocessor/neuromorphic_coprocessor.gen/sources_1/bd/neuromorphic_coprocessor/ip/neuromorphic_coprocessor_system_ila_0_0/bd_0/ip/ip_1/bd_de86_g_inst_0_gigantic_mux.v:1997]
WARNING: [Synth 8-3848] Net probe_out13 in module/entity bd_de86_g_inst_0_gigantic_mux does not have driver. [c:/Users/ajayv/neuromorphic_coprocessor/neuromorphic_coprocessor.gen/sources_1/bd/neuromorphic_coprocessor/ip/neuromorphic_coprocessor_system_ila_0_0/bd_0/ip/ip_1/bd_de86_g_inst_0_gigantic_mux.v:1998]
WARNING: [Synth 8-3848] Net probe_out14 in module/entity bd_de86_g_inst_0_gigantic_mux does not have driver. [c:/Users/ajayv/neuromorphic_coprocessor/neuromorphic_coprocessor.gen/sources_1/bd/neuromorphic_coprocessor/ip/neuromorphic_coprocessor_system_ila_0_0/bd_0/ip/ip_1/bd_de86_g_inst_0_gigantic_mux.v:1999]
WARNING: [Synth 8-3848] Net probe_out15 in module/entity bd_de86_g_inst_0_gigantic_mux does not have driver. [c:/Users/ajayv/neuromorphic_coprocessor/neuromorphic_coprocessor.gen/sources_1/bd/neuromorphic_coprocessor/ip/neuromorphic_coprocessor_system_ila_0_0/bd_0/ip/ip_1/bd_de86_g_inst_0_gigantic_mux.v:2000]
WARNING: [Synth 8-3848] Net probe_out16 in module/entity bd_de86_g_inst_0_gigantic_mux does not have driver. [c:/Users/ajayv/neuromorphic_coprocessor/neuromorphic_coprocessor.gen/sources_1/bd/neuromorphic_coprocessor/ip/neuromorphic_coprocessor_system_ila_0_0/bd_0/ip/ip_1/bd_de86_g_inst_0_gigantic_mux.v:2001]
WARNING: [Synth 8-3848] Net probe_out17 in module/entity bd_de86_g_inst_0_gigantic_mux does not have driver. [c:/Users/ajayv/neuromorphic_coprocessor/neuromorphic_coprocessor.gen/sources_1/bd/neuromorphic_coprocessor/ip/neuromorphic_coprocessor_system_ila_0_0/bd_0/ip/ip_1/bd_de86_g_inst_0_gigantic_mux.v:2002]
WARNING: [Synth 8-3848] Net probe_out18 in module/entity bd_de86_g_inst_0_gigantic_mux does not have driver. [c:/Users/ajayv/neuromorphic_coprocessor/neuromorphic_coprocessor.gen/sources_1/bd/neuromorphic_coprocessor/ip/neuromorphic_coprocessor_system_ila_0_0/bd_0/ip/ip_1/bd_de86_g_inst_0_gigantic_mux.v:2003]
WARNING: [Synth 8-3848] Net probe_out19 in module/entity bd_de86_g_inst_0_gigantic_mux does not have driver. [c:/Users/ajayv/neuromorphic_coprocessor/neuromorphic_coprocessor.gen/sources_1/bd/neuromorphic_coprocessor/ip/neuromorphic_coprocessor_system_ila_0_0/bd_0/ip/ip_1/bd_de86_g_inst_0_gigantic_mux.v:2004]
WARNING: [Synth 8-3848] Net probe_out20 in module/entity bd_de86_g_inst_0_gigantic_mux does not have driver. [c:/Users/ajayv/neuromorphic_coprocessor/neuromorphic_coprocessor.gen/sources_1/bd/neuromorphic_coprocessor/ip/neuromorphic_coprocessor_system_ila_0_0/bd_0/ip/ip_1/bd_de86_g_inst_0_gigantic_mux.v:2005]
WARNING: [Synth 8-3848] Net probe_out21 in module/entity bd_de86_g_inst_0_gigantic_mux does not have driver. [c:/Users/ajayv/neuromorphic_coprocessor/neuromorphic_coprocessor.gen/sources_1/bd/neuromorphic_coprocessor/ip/neuromorphic_coprocessor_system_ila_0_0/bd_0/ip/ip_1/bd_de86_g_inst_0_gigantic_mux.v:2006]
WARNING: [Synth 8-3848] Net probe_out22 in module/entity bd_de86_g_inst_0_gigantic_mux does not have driver. [c:/Users/ajayv/neuromorphic_coprocessor/neuromorphic_coprocessor.gen/sources_1/bd/neuromorphic_coprocessor/ip/neuromorphic_coprocessor_system_ila_0_0/bd_0/ip/ip_1/bd_de86_g_inst_0_gigantic_mux.v:2007]
WARNING: [Synth 8-3848] Net probe_out23 in module/entity bd_de86_g_inst_0_gigantic_mux does not have driver. [c:/Users/ajayv/neuromorphic_coprocessor/neuromorphic_coprocessor.gen/sources_1/bd/neuromorphic_coprocessor/ip/neuromorphic_coprocessor_system_ila_0_0/bd_0/ip/ip_1/bd_de86_g_inst_0_gigantic_mux.v:2008]
WARNING: [Synth 8-3848] Net probe_out24 in module/entity bd_de86_g_inst_0_gigantic_mux does not have driver. [c:/Users/ajayv/neuromorphic_coprocessor/neuromorphic_coprocessor.gen/sources_1/bd/neuromorphic_coprocessor/ip/neuromorphic_coprocessor_system_ila_0_0/bd_0/ip/ip_1/bd_de86_g_inst_0_gigantic_mux.v:2009]
WARNING: [Synth 8-3848] Net probe_out25 in module/entity bd_de86_g_inst_0_gigantic_mux does not have driver. [c:/Users/ajayv/neuromorphic_coprocessor/neuromorphic_coprocessor.gen/sources_1/bd/neuromorphic_coprocessor/ip/neuromorphic_coprocessor_system_ila_0_0/bd_0/ip/ip_1/bd_de86_g_inst_0_gigantic_mux.v:2010]
WARNING: [Synth 8-3848] Net probe_out26 in module/entity bd_de86_g_inst_0_gigantic_mux does not have driver. [c:/Users/ajayv/neuromorphic_coprocessor/neuromorphic_coprocessor.gen/sources_1/bd/neuromorphic_coprocessor/ip/neuromorphic_coprocessor_system_ila_0_0/bd_0/ip/ip_1/bd_de86_g_inst_0_gigantic_mux.v:2011]
WARNING: [Synth 8-3848] Net probe_out27 in module/entity bd_de86_g_inst_0_gigantic_mux does not have driver. [c:/Users/ajayv/neuromorphic_coprocessor/neuromorphic_coprocessor.gen/sources_1/bd/neuromorphic_coprocessor/ip/neuromorphic_coprocessor_system_ila_0_0/bd_0/ip/ip_1/bd_de86_g_inst_0_gigantic_mux.v:2012]
WARNING: [Synth 8-3848] Net probe_out28 in module/entity bd_de86_g_inst_0_gigantic_mux does not have driver. [c:/Users/ajayv/neuromorphic_coprocessor/neuromorphic_coprocessor.gen/sources_1/bd/neuromorphic_coprocessor/ip/neuromorphic_coprocessor_system_ila_0_0/bd_0/ip/ip_1/bd_de86_g_inst_0_gigantic_mux.v:2013]
WARNING: [Synth 8-3848] Net probe_out29 in module/entity bd_de86_g_inst_0_gigantic_mux does not have driver. [c:/Users/ajayv/neuromorphic_coprocessor/neuromorphic_coprocessor.gen/sources_1/bd/neuromorphic_coprocessor/ip/neuromorphic_coprocessor_system_ila_0_0/bd_0/ip/ip_1/bd_de86_g_inst_0_gigantic_mux.v:2014]
WARNING: [Synth 8-3848] Net probe_out30 in module/entity bd_de86_g_inst_0_gigantic_mux does not have driver. [c:/Users/ajayv/neuromorphic_coprocessor/neuromorphic_coprocessor.gen/sources_1/bd/neuromorphic_coprocessor/ip/neuromorphic_coprocessor_system_ila_0_0/bd_0/ip/ip_1/bd_de86_g_inst_0_gigantic_mux.v:2015]
WARNING: [Synth 8-3848] Net probe_out31 in module/entity bd_de86_g_inst_0_gigantic_mux does not have driver. [c:/Users/ajayv/neuromorphic_coprocessor/neuromorphic_coprocessor.gen/sources_1/bd/neuromorphic_coprocessor/ip/neuromorphic_coprocessor_system_ila_0_0/bd_0/ip/ip_1/bd_de86_g_inst_0_gigantic_mux.v:2016]
WARNING: [Synth 8-3848] Net probe_out32 in module/entity bd_de86_g_inst_0_gigantic_mux does not have driver. [c:/Users/ajayv/neuromorphic_coprocessor/neuromorphic_coprocessor.gen/sources_1/bd/neuromorphic_coprocessor/ip/neuromorphic_coprocessor_system_ila_0_0/bd_0/ip/ip_1/bd_de86_g_inst_0_gigantic_mux.v:2017]
WARNING: [Synth 8-3848] Net probe_out33 in module/entity bd_de86_g_inst_0_gigantic_mux does not have driver. [c:/Users/ajayv/neuromorphic_coprocessor/neuromorphic_coprocessor.gen/sources_1/bd/neuromorphic_coprocessor/ip/neuromorphic_coprocessor_system_ila_0_0/bd_0/ip/ip_1/bd_de86_g_inst_0_gigantic_mux.v:2018]
WARNING: [Synth 8-3848] Net probe_out34 in module/entity bd_de86_g_inst_0_gigantic_mux does not have driver. [c:/Users/ajayv/neuromorphic_coprocessor/neuromorphic_coprocessor.gen/sources_1/bd/neuromorphic_coprocessor/ip/neuromorphic_coprocessor_system_ila_0_0/bd_0/ip/ip_1/bd_de86_g_inst_0_gigantic_mux.v:2019]
WARNING: [Synth 8-3848] Net probe_out35 in module/entity bd_de86_g_inst_0_gigantic_mux does not have driver. [c:/Users/ajayv/neuromorphic_coprocessor/neuromorphic_coprocessor.gen/sources_1/bd/neuromorphic_coprocessor/ip/neuromorphic_coprocessor_system_ila_0_0/bd_0/ip/ip_1/bd_de86_g_inst_0_gigantic_mux.v:2020]
WARNING: [Synth 8-3848] Net probe_out36 in module/entity bd_de86_g_inst_0_gigantic_mux does not have driver. [c:/Users/ajayv/neuromorphic_coprocessor/neuromorphic_coprocessor.gen/sources_1/bd/neuromorphic_coprocessor/ip/neuromorphic_coprocessor_system_ila_0_0/bd_0/ip/ip_1/bd_de86_g_inst_0_gigantic_mux.v:2021]
WARNING: [Synth 8-3848] Net probe_out37 in module/entity bd_de86_g_inst_0_gigantic_mux does not have driver. [c:/Users/ajayv/neuromorphic_coprocessor/neuromorphic_coprocessor.gen/sources_1/bd/neuromorphic_coprocessor/ip/neuromorphic_coprocessor_system_ila_0_0/bd_0/ip/ip_1/bd_de86_g_inst_0_gigantic_mux.v:2022]
WARNING: [Synth 8-3848] Net probe_out38 in module/entity bd_de86_g_inst_0_gigantic_mux does not have driver. [c:/Users/ajayv/neuromorphic_coprocessor/neuromorphic_coprocessor.gen/sources_1/bd/neuromorphic_coprocessor/ip/neuromorphic_coprocessor_system_ila_0_0/bd_0/ip/ip_1/bd_de86_g_inst_0_gigantic_mux.v:2023]
WARNING: [Synth 8-3848] Net probe_out39 in module/entity bd_de86_g_inst_0_gigantic_mux does not have driver. [c:/Users/ajayv/neuromorphic_coprocessor/neuromorphic_coprocessor.gen/sources_1/bd/neuromorphic_coprocessor/ip/neuromorphic_coprocessor_system_ila_0_0/bd_0/ip/ip_1/bd_de86_g_inst_0_gigantic_mux.v:2024]
WARNING: [Synth 8-3848] Net probe_out40 in module/entity bd_de86_g_inst_0_gigantic_mux does not have driver. [c:/Users/ajayv/neuromorphic_coprocessor/neuromorphic_coprocessor.gen/sources_1/bd/neuromorphic_coprocessor/ip/neuromorphic_coprocessor_system_ila_0_0/bd_0/ip/ip_1/bd_de86_g_inst_0_gigantic_mux.v:2025]
WARNING: [Synth 8-3848] Net probe_out41 in module/entity bd_de86_g_inst_0_gigantic_mux does not have driver. [c:/Users/ajayv/neuromorphic_coprocessor/neuromorphic_coprocessor.gen/sources_1/bd/neuromorphic_coprocessor/ip/neuromorphic_coprocessor_system_ila_0_0/bd_0/ip/ip_1/bd_de86_g_inst_0_gigantic_mux.v:2026]
WARNING: [Synth 8-3848] Net probe_out42 in module/entity bd_de86_g_inst_0_gigantic_mux does not have driver. [c:/Users/ajayv/neuromorphic_coprocessor/neuromorphic_coprocessor.gen/sources_1/bd/neuromorphic_coprocessor/ip/neuromorphic_coprocessor_system_ila_0_0/bd_0/ip/ip_1/bd_de86_g_inst_0_gigantic_mux.v:2027]
WARNING: [Synth 8-3848] Net probe_out43 in module/entity bd_de86_g_inst_0_gigantic_mux does not have driver. [c:/Users/ajayv/neuromorphic_coprocessor/neuromorphic_coprocessor.gen/sources_1/bd/neuromorphic_coprocessor/ip/neuromorphic_coprocessor_system_ila_0_0/bd_0/ip/ip_1/bd_de86_g_inst_0_gigantic_mux.v:2028]
WARNING: [Synth 8-3848] Net probe_out44 in module/entity bd_de86_g_inst_0_gigantic_mux does not have driver. [c:/Users/ajayv/neuromorphic_coprocessor/neuromorphic_coprocessor.gen/sources_1/bd/neuromorphic_coprocessor/ip/neuromorphic_coprocessor_system_ila_0_0/bd_0/ip/ip_1/bd_de86_g_inst_0_gigantic_mux.v:2029]
WARNING: [Synth 8-3848] Net probe_out45 in module/entity bd_de86_g_inst_0_gigantic_mux does not have driver. [c:/Users/ajayv/neuromorphic_coprocessor/neuromorphic_coprocessor.gen/sources_1/bd/neuromorphic_coprocessor/ip/neuromorphic_coprocessor_system_ila_0_0/bd_0/ip/ip_1/bd_de86_g_inst_0_gigantic_mux.v:2030]
WARNING: [Synth 8-3848] Net probe_out46 in module/entity bd_de86_g_inst_0_gigantic_mux does not have driver. [c:/Users/ajayv/neuromorphic_coprocessor/neuromorphic_coprocessor.gen/sources_1/bd/neuromorphic_coprocessor/ip/neuromorphic_coprocessor_system_ila_0_0/bd_0/ip/ip_1/bd_de86_g_inst_0_gigantic_mux.v:2031]
WARNING: [Synth 8-3848] Net probe_out47 in module/entity bd_de86_g_inst_0_gigantic_mux does not have driver. [c:/Users/ajayv/neuromorphic_coprocessor/neuromorphic_coprocessor.gen/sources_1/bd/neuromorphic_coprocessor/ip/neuromorphic_coprocessor_system_ila_0_0/bd_0/ip/ip_1/bd_de86_g_inst_0_gigantic_mux.v:2032]
WARNING: [Synth 8-3848] Net probe_out48 in module/entity bd_de86_g_inst_0_gigantic_mux does not have driver. [c:/Users/ajayv/neuromorphic_coprocessor/neuromorphic_coprocessor.gen/sources_1/bd/neuromorphic_coprocessor/ip/neuromorphic_coprocessor_system_ila_0_0/bd_0/ip/ip_1/bd_de86_g_inst_0_gigantic_mux.v:2033]
WARNING: [Synth 8-3848] Net probe_out49 in module/entity bd_de86_g_inst_0_gigantic_mux does not have driver. [c:/Users/ajayv/neuromorphic_coprocessor/neuromorphic_coprocessor.gen/sources_1/bd/neuromorphic_coprocessor/ip/neuromorphic_coprocessor_system_ila_0_0/bd_0/ip/ip_1/bd_de86_g_inst_0_gigantic_mux.v:2034]
WARNING: [Synth 8-3848] Net probe_out50 in module/entity bd_de86_g_inst_0_gigantic_mux does not have driver. [c:/Users/ajayv/neuromorphic_coprocessor/neuromorphic_coprocessor.gen/sources_1/bd/neuromorphic_coprocessor/ip/neuromorphic_coprocessor_system_ila_0_0/bd_0/ip/ip_1/bd_de86_g_inst_0_gigantic_mux.v:2035]
WARNING: [Synth 8-3848] Net probe_out51 in module/entity bd_de86_g_inst_0_gigantic_mux does not have driver. [c:/Users/ajayv/neuromorphic_coprocessor/neuromorphic_coprocessor.gen/sources_1/bd/neuromorphic_coprocessor/ip/neuromorphic_coprocessor_system_ila_0_0/bd_0/ip/ip_1/bd_de86_g_inst_0_gigantic_mux.v:2036]
WARNING: [Synth 8-3848] Net probe_out52 in module/entity bd_de86_g_inst_0_gigantic_mux does not have driver. [c:/Users/ajayv/neuromorphic_coprocessor/neuromorphic_coprocessor.gen/sources_1/bd/neuromorphic_coprocessor/ip/neuromorphic_coprocessor_system_ila_0_0/bd_0/ip/ip_1/bd_de86_g_inst_0_gigantic_mux.v:2037]
WARNING: [Synth 8-3848] Net probe_out53 in module/entity bd_de86_g_inst_0_gigantic_mux does not have driver. [c:/Users/ajayv/neuromorphic_coprocessor/neuromorphic_coprocessor.gen/sources_1/bd/neuromorphic_coprocessor/ip/neuromorphic_coprocessor_system_ila_0_0/bd_0/ip/ip_1/bd_de86_g_inst_0_gigantic_mux.v:2038]
WARNING: [Synth 8-3848] Net probe_out54 in module/entity bd_de86_g_inst_0_gigantic_mux does not have driver. [c:/Users/ajayv/neuromorphic_coprocessor/neuromorphic_coprocessor.gen/sources_1/bd/neuromorphic_coprocessor/ip/neuromorphic_coprocessor_system_ila_0_0/bd_0/ip/ip_1/bd_de86_g_inst_0_gigantic_mux.v:2039]
WARNING: [Synth 8-3848] Net probe_out55 in module/entity bd_de86_g_inst_0_gigantic_mux does not have driver. [c:/Users/ajayv/neuromorphic_coprocessor/neuromorphic_coprocessor.gen/sources_1/bd/neuromorphic_coprocessor/ip/neuromorphic_coprocessor_system_ila_0_0/bd_0/ip/ip_1/bd_de86_g_inst_0_gigantic_mux.v:2040]
WARNING: [Synth 8-3848] Net probe_out56 in module/entity bd_de86_g_inst_0_gigantic_mux does not have driver. [c:/Users/ajayv/neuromorphic_coprocessor/neuromorphic_coprocessor.gen/sources_1/bd/neuromorphic_coprocessor/ip/neuromorphic_coprocessor_system_ila_0_0/bd_0/ip/ip_1/bd_de86_g_inst_0_gigantic_mux.v:2041]
WARNING: [Synth 8-3848] Net probe_out57 in module/entity bd_de86_g_inst_0_gigantic_mux does not have driver. [c:/Users/ajayv/neuromorphic_coprocessor/neuromorphic_coprocessor.gen/sources_1/bd/neuromorphic_coprocessor/ip/neuromorphic_coprocessor_system_ila_0_0/bd_0/ip/ip_1/bd_de86_g_inst_0_gigantic_mux.v:2042]
WARNING: [Synth 8-3848] Net probe_out58 in module/entity bd_de86_g_inst_0_gigantic_mux does not have driver. [c:/Users/ajayv/neuromorphic_coprocessor/neuromorphic_coprocessor.gen/sources_1/bd/neuromorphic_coprocessor/ip/neuromorphic_coprocessor_system_ila_0_0/bd_0/ip/ip_1/bd_de86_g_inst_0_gigantic_mux.v:2043]
WARNING: [Synth 8-3848] Net probe_out59 in module/entity bd_de86_g_inst_0_gigantic_mux does not have driver. [c:/Users/ajayv/neuromorphic_coprocessor/neuromorphic_coprocessor.gen/sources_1/bd/neuromorphic_coprocessor/ip/neuromorphic_coprocessor_system_ila_0_0/bd_0/ip/ip_1/bd_de86_g_inst_0_gigantic_mux.v:2044]
WARNING: [Synth 8-3848] Net probe_out60 in module/entity bd_de86_g_inst_0_gigantic_mux does not have driver. [c:/Users/ajayv/neuromorphic_coprocessor/neuromorphic_coprocessor.gen/sources_1/bd/neuromorphic_coprocessor/ip/neuromorphic_coprocessor_system_ila_0_0/bd_0/ip/ip_1/bd_de86_g_inst_0_gigantic_mux.v:2045]
WARNING: [Synth 8-3848] Net probe_out61 in module/entity bd_de86_g_inst_0_gigantic_mux does not have driver. [c:/Users/ajayv/neuromorphic_coprocessor/neuromorphic_coprocessor.gen/sources_1/bd/neuromorphic_coprocessor/ip/neuromorphic_coprocessor_system_ila_0_0/bd_0/ip/ip_1/bd_de86_g_inst_0_gigantic_mux.v:2046]
WARNING: [Synth 8-3848] Net probe_out62 in module/entity bd_de86_g_inst_0_gigantic_mux does not have driver. [c:/Users/ajayv/neuromorphic_coprocessor/neuromorphic_coprocessor.gen/sources_1/bd/neuromorphic_coprocessor/ip/neuromorphic_coprocessor_system_ila_0_0/bd_0/ip/ip_1/bd_de86_g_inst_0_gigantic_mux.v:2047]
WARNING: [Synth 8-3848] Net probe_out63 in module/entity bd_de86_g_inst_0_gigantic_mux does not have driver. [c:/Users/ajayv/neuromorphic_coprocessor/neuromorphic_coprocessor.gen/sources_1/bd/neuromorphic_coprocessor/ip/neuromorphic_coprocessor_system_ila_0_0/bd_0/ip/ip_1/bd_de86_g_inst_0_gigantic_mux.v:2048]
WARNING: [Synth 8-3848] Net probe_out64 in module/entity bd_de86_g_inst_0_gigantic_mux does not have driver. [c:/Users/ajayv/neuromorphic_coprocessor/neuromorphic_coprocessor.gen/sources_1/bd/neuromorphic_coprocessor/ip/neuromorphic_coprocessor_system_ila_0_0/bd_0/ip/ip_1/bd_de86_g_inst_0_gigantic_mux.v:2049]
WARNING: [Synth 8-3848] Net probe_out65 in module/entity bd_de86_g_inst_0_gigantic_mux does not have driver. [c:/Users/ajayv/neuromorphic_coprocessor/neuromorphic_coprocessor.gen/sources_1/bd/neuromorphic_coprocessor/ip/neuromorphic_coprocessor_system_ila_0_0/bd_0/ip/ip_1/bd_de86_g_inst_0_gigantic_mux.v:2050]
WARNING: [Synth 8-3848] Net probe_out66 in module/entity bd_de86_g_inst_0_gigantic_mux does not have driver. [c:/Users/ajayv/neuromorphic_coprocessor/neuromorphic_coprocessor.gen/sources_1/bd/neuromorphic_coprocessor/ip/neuromorphic_coprocessor_system_ila_0_0/bd_0/ip/ip_1/bd_de86_g_inst_0_gigantic_mux.v:2051]
WARNING: [Synth 8-3848] Net probe_out67 in module/entity bd_de86_g_inst_0_gigantic_mux does not have driver. [c:/Users/ajayv/neuromorphic_coprocessor/neuromorphic_coprocessor.gen/sources_1/bd/neuromorphic_coprocessor/ip/neuromorphic_coprocessor_system_ila_0_0/bd_0/ip/ip_1/bd_de86_g_inst_0_gigantic_mux.v:2052]
WARNING: [Synth 8-3848] Net probe_out68 in module/entity bd_de86_g_inst_0_gigantic_mux does not have driver. [c:/Users/ajayv/neuromorphic_coprocessor/neuromorphic_coprocessor.gen/sources_1/bd/neuromorphic_coprocessor/ip/neuromorphic_coprocessor_system_ila_0_0/bd_0/ip/ip_1/bd_de86_g_inst_0_gigantic_mux.v:2053]
WARNING: [Synth 8-3848] Net probe_out69 in module/entity bd_de86_g_inst_0_gigantic_mux does not have driver. [c:/Users/ajayv/neuromorphic_coprocessor/neuromorphic_coprocessor.gen/sources_1/bd/neuromorphic_coprocessor/ip/neuromorphic_coprocessor_system_ila_0_0/bd_0/ip/ip_1/bd_de86_g_inst_0_gigantic_mux.v:2054]
WARNING: [Synth 8-3848] Net probe_out70 in module/entity bd_de86_g_inst_0_gigantic_mux does not have driver. [c:/Users/ajayv/neuromorphic_coprocessor/neuromorphic_coprocessor.gen/sources_1/bd/neuromorphic_coprocessor/ip/neuromorphic_coprocessor_system_ila_0_0/bd_0/ip/ip_1/bd_de86_g_inst_0_gigantic_mux.v:2055]
WARNING: [Synth 8-3848] Net probe_out71 in module/entity bd_de86_g_inst_0_gigantic_mux does not have driver. [c:/Users/ajayv/neuromorphic_coprocessor/neuromorphic_coprocessor.gen/sources_1/bd/neuromorphic_coprocessor/ip/neuromorphic_coprocessor_system_ila_0_0/bd_0/ip/ip_1/bd_de86_g_inst_0_gigantic_mux.v:2056]
WARNING: [Synth 8-3848] Net probe_out72 in module/entity bd_de86_g_inst_0_gigantic_mux does not have driver. [c:/Users/ajayv/neuromorphic_coprocessor/neuromorphic_coprocessor.gen/sources_1/bd/neuromorphic_coprocessor/ip/neuromorphic_coprocessor_system_ila_0_0/bd_0/ip/ip_1/bd_de86_g_inst_0_gigantic_mux.v:2057]
WARNING: [Synth 8-3848] Net probe_out73 in module/entity bd_de86_g_inst_0_gigantic_mux does not have driver. [c:/Users/ajayv/neuromorphic_coprocessor/neuromorphic_coprocessor.gen/sources_1/bd/neuromorphic_coprocessor/ip/neuromorphic_coprocessor_system_ila_0_0/bd_0/ip/ip_1/bd_de86_g_inst_0_gigantic_mux.v:2058]
WARNING: [Synth 8-3848] Net probe_out74 in module/entity bd_de86_g_inst_0_gigantic_mux does not have driver. [c:/Users/ajayv/neuromorphic_coprocessor/neuromorphic_coprocessor.gen/sources_1/bd/neuromorphic_coprocessor/ip/neuromorphic_coprocessor_system_ila_0_0/bd_0/ip/ip_1/bd_de86_g_inst_0_gigantic_mux.v:2059]
WARNING: [Synth 8-3848] Net probe_out75 in module/entity bd_de86_g_inst_0_gigantic_mux does not have driver. [c:/Users/ajayv/neuromorphic_coprocessor/neuromorphic_coprocessor.gen/sources_1/bd/neuromorphic_coprocessor/ip/neuromorphic_coprocessor_system_ila_0_0/bd_0/ip/ip_1/bd_de86_g_inst_0_gigantic_mux.v:2060]
WARNING: [Synth 8-3848] Net probe_out76 in module/entity bd_de86_g_inst_0_gigantic_mux does not have driver. [c:/Users/ajayv/neuromorphic_coprocessor/neuromorphic_coprocessor.gen/sources_1/bd/neuromorphic_coprocessor/ip/neuromorphic_coprocessor_system_ila_0_0/bd_0/ip/ip_1/bd_de86_g_inst_0_gigantic_mux.v:2061]
WARNING: [Synth 8-3848] Net probe_out77 in module/entity bd_de86_g_inst_0_gigantic_mux does not have driver. [c:/Users/ajayv/neuromorphic_coprocessor/neuromorphic_coprocessor.gen/sources_1/bd/neuromorphic_coprocessor/ip/neuromorphic_coprocessor_system_ila_0_0/bd_0/ip/ip_1/bd_de86_g_inst_0_gigantic_mux.v:2062]
WARNING: [Synth 8-3848] Net probe_out78 in module/entity bd_de86_g_inst_0_gigantic_mux does not have driver. [c:/Users/ajayv/neuromorphic_coprocessor/neuromorphic_coprocessor.gen/sources_1/bd/neuromorphic_coprocessor/ip/neuromorphic_coprocessor_system_ila_0_0/bd_0/ip/ip_1/bd_de86_g_inst_0_gigantic_mux.v:2063]
WARNING: [Synth 8-3848] Net probe_out79 in module/entity bd_de86_g_inst_0_gigantic_mux does not have driver. [c:/Users/ajayv/neuromorphic_coprocessor/neuromorphic_coprocessor.gen/sources_1/bd/neuromorphic_coprocessor/ip/neuromorphic_coprocessor_system_ila_0_0/bd_0/ip/ip_1/bd_de86_g_inst_0_gigantic_mux.v:2064]
WARNING: [Synth 8-3848] Net probe_out80 in module/entity bd_de86_g_inst_0_gigantic_mux does not have driver. [c:/Users/ajayv/neuromorphic_coprocessor/neuromorphic_coprocessor.gen/sources_1/bd/neuromorphic_coprocessor/ip/neuromorphic_coprocessor_system_ila_0_0/bd_0/ip/ip_1/bd_de86_g_inst_0_gigantic_mux.v:2065]
WARNING: [Synth 8-3848] Net probe_out81 in module/entity bd_de86_g_inst_0_gigantic_mux does not have driver. [c:/Users/ajayv/neuromorphic_coprocessor/neuromorphic_coprocessor.gen/sources_1/bd/neuromorphic_coprocessor/ip/neuromorphic_coprocessor_system_ila_0_0/bd_0/ip/ip_1/bd_de86_g_inst_0_gigantic_mux.v:2066]
WARNING: [Synth 8-3848] Net probe_out82 in module/entity bd_de86_g_inst_0_gigantic_mux does not have driver. [c:/Users/ajayv/neuromorphic_coprocessor/neuromorphic_coprocessor.gen/sources_1/bd/neuromorphic_coprocessor/ip/neuromorphic_coprocessor_system_ila_0_0/bd_0/ip/ip_1/bd_de86_g_inst_0_gigantic_mux.v:2067]
WARNING: [Synth 8-3848] Net probe_out83 in module/entity bd_de86_g_inst_0_gigantic_mux does not have driver. [c:/Users/ajayv/neuromorphic_coprocessor/neuromorphic_coprocessor.gen/sources_1/bd/neuromorphic_coprocessor/ip/neuromorphic_coprocessor_system_ila_0_0/bd_0/ip/ip_1/bd_de86_g_inst_0_gigantic_mux.v:2068]
WARNING: [Synth 8-3848] Net probe_out84 in module/entity bd_de86_g_inst_0_gigantic_mux does not have driver. [c:/Users/ajayv/neuromorphic_coprocessor/neuromorphic_coprocessor.gen/sources_1/bd/neuromorphic_coprocessor/ip/neuromorphic_coprocessor_system_ila_0_0/bd_0/ip/ip_1/bd_de86_g_inst_0_gigantic_mux.v:2069]
WARNING: [Synth 8-3848] Net probe_out85 in module/entity bd_de86_g_inst_0_gigantic_mux does not have driver. [c:/Users/ajayv/neuromorphic_coprocessor/neuromorphic_coprocessor.gen/sources_1/bd/neuromorphic_coprocessor/ip/neuromorphic_coprocessor_system_ila_0_0/bd_0/ip/ip_1/bd_de86_g_inst_0_gigantic_mux.v:2070]
WARNING: [Synth 8-3848] Net probe_out86 in module/entity bd_de86_g_inst_0_gigantic_mux does not have driver. [c:/Users/ajayv/neuromorphic_coprocessor/neuromorphic_coprocessor.gen/sources_1/bd/neuromorphic_coprocessor/ip/neuromorphic_coprocessor_system_ila_0_0/bd_0/ip/ip_1/bd_de86_g_inst_0_gigantic_mux.v:2071]
WARNING: [Synth 8-3848] Net probe_out87 in module/entity bd_de86_g_inst_0_gigantic_mux does not have driver. [c:/Users/ajayv/neuromorphic_coprocessor/neuromorphic_coprocessor.gen/sources_1/bd/neuromorphic_coprocessor/ip/neuromorphic_coprocessor_system_ila_0_0/bd_0/ip/ip_1/bd_de86_g_inst_0_gigantic_mux.v:2072]
WARNING: [Synth 8-3848] Net probe_out88 in module/entity bd_de86_g_inst_0_gigantic_mux does not have driver. [c:/Users/ajayv/neuromorphic_coprocessor/neuromorphic_coprocessor.gen/sources_1/bd/neuromorphic_coprocessor/ip/neuromorphic_coprocessor_system_ila_0_0/bd_0/ip/ip_1/bd_de86_g_inst_0_gigantic_mux.v:2073]
WARNING: [Synth 8-3848] Net probe_out89 in module/entity bd_de86_g_inst_0_gigantic_mux does not have driver. [c:/Users/ajayv/neuromorphic_coprocessor/neuromorphic_coprocessor.gen/sources_1/bd/neuromorphic_coprocessor/ip/neuromorphic_coprocessor_system_ila_0_0/bd_0/ip/ip_1/bd_de86_g_inst_0_gigantic_mux.v:2074]
WARNING: [Synth 8-3848] Net probe_out90 in module/entity bd_de86_g_inst_0_gigantic_mux does not have driver. [c:/Users/ajayv/neuromorphic_coprocessor/neuromorphic_coprocessor.gen/sources_1/bd/neuromorphic_coprocessor/ip/neuromorphic_coprocessor_system_ila_0_0/bd_0/ip/ip_1/bd_de86_g_inst_0_gigantic_mux.v:2075]
WARNING: [Synth 8-3848] Net probe_out91 in module/entity bd_de86_g_inst_0_gigantic_mux does not have driver. [c:/Users/ajayv/neuromorphic_coprocessor/neuromorphic_coprocessor.gen/sources_1/bd/neuromorphic_coprocessor/ip/neuromorphic_coprocessor_system_ila_0_0/bd_0/ip/ip_1/bd_de86_g_inst_0_gigantic_mux.v:2076]
WARNING: [Synth 8-3848] Net probe_out92 in module/entity bd_de86_g_inst_0_gigantic_mux does not have driver. [c:/Users/ajayv/neuromorphic_coprocessor/neuromorphic_coprocessor.gen/sources_1/bd/neuromorphic_coprocessor/ip/neuromorphic_coprocessor_system_ila_0_0/bd_0/ip/ip_1/bd_de86_g_inst_0_gigantic_mux.v:2077]
WARNING: [Synth 8-3848] Net probe_out93 in module/entity bd_de86_g_inst_0_gigantic_mux does not have driver. [c:/Users/ajayv/neuromorphic_coprocessor/neuromorphic_coprocessor.gen/sources_1/bd/neuromorphic_coprocessor/ip/neuromorphic_coprocessor_system_ila_0_0/bd_0/ip/ip_1/bd_de86_g_inst_0_gigantic_mux.v:2078]
WARNING: [Synth 8-3848] Net probe_out94 in module/entity bd_de86_g_inst_0_gigantic_mux does not have driver. [c:/Users/ajayv/neuromorphic_coprocessor/neuromorphic_coprocessor.gen/sources_1/bd/neuromorphic_coprocessor/ip/neuromorphic_coprocessor_system_ila_0_0/bd_0/ip/ip_1/bd_de86_g_inst_0_gigantic_mux.v:2079]
WARNING: [Synth 8-3848] Net probe_out95 in module/entity bd_de86_g_inst_0_gigantic_mux does not have driver. [c:/Users/ajayv/neuromorphic_coprocessor/neuromorphic_coprocessor.gen/sources_1/bd/neuromorphic_coprocessor/ip/neuromorphic_coprocessor_system_ila_0_0/bd_0/ip/ip_1/bd_de86_g_inst_0_gigantic_mux.v:2080]
WARNING: [Synth 8-3848] Net probe_out96 in module/entity bd_de86_g_inst_0_gigantic_mux does not have driver. [c:/Users/ajayv/neuromorphic_coprocessor/neuromorphic_coprocessor.gen/sources_1/bd/neuromorphic_coprocessor/ip/neuromorphic_coprocessor_system_ila_0_0/bd_0/ip/ip_1/bd_de86_g_inst_0_gigantic_mux.v:2081]
WARNING: [Synth 8-3848] Net probe_out97 in module/entity bd_de86_g_inst_0_gigantic_mux does not have driver. [c:/Users/ajayv/neuromorphic_coprocessor/neuromorphic_coprocessor.gen/sources_1/bd/neuromorphic_coprocessor/ip/neuromorphic_coprocessor_system_ila_0_0/bd_0/ip/ip_1/bd_de86_g_inst_0_gigantic_mux.v:2082]
WARNING: [Synth 8-3848] Net probe_out98 in module/entity bd_de86_g_inst_0_gigantic_mux does not have driver. [c:/Users/ajayv/neuromorphic_coprocessor/neuromorphic_coprocessor.gen/sources_1/bd/neuromorphic_coprocessor/ip/neuromorphic_coprocessor_system_ila_0_0/bd_0/ip/ip_1/bd_de86_g_inst_0_gigantic_mux.v:2083]
WARNING: [Synth 8-3848] Net probe_out99 in module/entity bd_de86_g_inst_0_gigantic_mux does not have driver. [c:/Users/ajayv/neuromorphic_coprocessor/neuromorphic_coprocessor.gen/sources_1/bd/neuromorphic_coprocessor/ip/neuromorphic_coprocessor_system_ila_0_0/bd_0/ip/ip_1/bd_de86_g_inst_0_gigantic_mux.v:2084]
INFO: [Common 17-14] Message 'Synth 8-3848' appears 100 times and further instances of the messages will be disabled. Use the Tcl command set_msg_config to change the current settings.
INFO: [Synth 8-6155] done synthesizing module 'bd_de86_g_inst_0_gigantic_mux' (2#1) [c:/Users/ajayv/neuromorphic_coprocessor/neuromorphic_coprocessor.gen/sources_1/bd/neuromorphic_coprocessor/ip/neuromorphic_coprocessor_system_ila_0_0/bd_0/ip/ip_1/bd_de86_g_inst_0_gigantic_mux.v:63]
INFO: [Synth 8-6155] done synthesizing module 'bd_de86_g_inst_0' (3#1) [c:/Users/ajayv/neuromorphic_coprocessor/neuromorphic_coprocessor.gen/sources_1/bd/neuromorphic_coprocessor/ip/neuromorphic_coprocessor_system_ila_0_0/bd_0/ip/ip_1/synth/bd_de86_g_inst_0.v:116]
WARNING: [Synth 8-4446] all outputs are unconnected for this instance and logic may be removed [c:/Users/ajayv/neuromorphic_coprocessor/neuromorphic_coprocessor.gen/sources_1/bd/neuromorphic_coprocessor/ip/neuromorphic_coprocessor_system_ila_0_0/bd_0/synth/bd_de86.v:655]
INFO: [Synth 8-6157] synthesizing module 'bd_de86_ila_lib_0' [c:/Users/ajayv/neuromorphic_coprocessor/neuromorphic_coprocessor.gen/sources_1/bd/neuromorphic_coprocessor/ip/neuromorphic_coprocessor_system_ila_0_0/bd_0/ip/ip_0/synth/bd_de86_ila_lib_0.v:84]
INFO: [Synth 8-6157] synthesizing module 'CFGLUT5' [C:/Xilinx/Vivado/2021.2/scripts/rt/data/unisim_comp.v:1524]
INFO: [Synth 8-6155] done synthesizing module 'CFGLUT5' (11#1) [C:/Xilinx/Vivado/2021.2/scripts/rt/data/unisim_comp.v:1524]
INFO: [Synth 8-6157] synthesizing module 'CARRY4' [C:/Xilinx/Vivado/2021.2/scripts/rt/data/unisim_comp.v:1487]
INFO: [Synth 8-6155] done synthesizing module 'CARRY4' (12#1) [C:/Xilinx/Vivado/2021.2/scripts/rt/data/unisim_comp.v:1487]
INFO: [Synth 8-6157] synthesizing module 'SRLC32E' [C:/Xilinx/Vivado/2021.2/scripts/rt/data/unisim_comp.v:106149]
INFO: [Synth 8-6155] done synthesizing module 'SRLC32E' (22#1) [C:/Xilinx/Vivado/2021.2/scripts/rt/data/unisim_comp.v:106149]
INFO: [Synth 8-6157] synthesizing module 'SRL16E' [C:/Xilinx/Vivado/2021.2/scripts/rt/data/unisim_comp.v:105999]
INFO: [Synth 8-6155] done synthesizing module 'SRL16E' (24#1) [C:/Xilinx/Vivado/2021.2/scripts/rt/data/unisim_comp.v:105999]
INFO: [Synth 8-6157] synthesizing module 'SRLC16E' [C:/Xilinx/Vivado/2021.2/scripts/rt/data/unisim_comp.v:106088]
INFO: [Synth 8-6155] done synthesizing module 'SRLC16E' (26#1) [C:/Xilinx/Vivado/2021.2/scripts/rt/data/unisim_comp.v:106088]
INFO: [Synth 8-6157] synthesizing module 'FDRE' [C:/Xilinx/Vivado/2021.2/scripts/rt/data/unisim_comp.v:27837]
INFO: [Synth 8-6155] done synthesizing module 'FDRE' (31#1) [C:/Xilinx/Vivado/2021.2/scripts/rt/data/unisim_comp.v:27837]
